<?xml version="1.0" encoding="UTF-8"?>
<!-- Generated by org.testng.reporters.JUnitReportReporter -->
<testsuite hostname="ojt30-PC" name="DriverFactory.DtaDrivenFreamwork" tests="1" failures="0" timestamp="2 Oct 2019 06:00:15 GMT" time="154.289" errors="0">
  <testcase name="suppliercreation" time="154.289" classname="DriverFactory.DtaDrivenFreamwork"/>
</testsuite> <!-- DriverFactory.DtaDrivenFreamwork -->
