<?xml version="1.0" encoding="UTF-8"?>
<!-- Generated by org.testng.reporters.JUnitReportReporter -->
<testsuite hostname="ojt30-PC" name="DriverFactory.AppTest" tests="1" failures="0" timestamp="24 Oct 2019 10:46:35 GMT" time="0.900" errors="0">
  <testcase name="ERP_Start" time="0.900" classname="DriverFactory.AppTest"/>
</testsuite> <!-- DriverFactory.AppTest -->
